Using pre-set license
Built from '2020.3/staging' branch; Version is '2020.3.24f1 (79c78de19888) revision 7980941'; Using compiler version '192528614'; Build Type 'Release'
OS: 'Windows 10  (10.0.19043) 64bit Core' Language: 'es' Physical Memory: 16198 MB
BatchMode: 1, IsHumanControllingUs: 0, StartBugReporterOnCrash: 0, Is64bit: 1, IsPro: 0

COMMAND LINE ARGUMENTS:
C:\Program Files\Unity 2020.3.24f1\Editor\Unity.exe
-adb2
-batchMode
-noUpm
-name
AssetImportWorker0
-projectPath
C:/Users/alber/Projects/juego-alberto-fran
-logFile
Logs/AssetImportWorker0.log
-srvPort
55674
Successfully changed project path to: C:/Users/alber/Projects/juego-alberto-fran
C:/Users/alber/Projects/juego-alberto-fran
Using Asset Import Pipeline V2.
Refreshing native plugins compatible for Editor in 139.04 ms, found 3 plugins.
Preloading 0 native plugins for Editor in 0.00 ms.
Initialize engine version: 2020.3.24f1 (79c78de19888)
[Subsystems] Discovering subsystems at path C:/Program Files/Unity 2020.3.24f1/Editor/Data/Resources/UnitySubsystems
[Subsystems] Discovering subsystems at path C:/Users/alber/Projects/juego-alberto-fran/Assets
GfxDevice: creating device client; threaded=0
Direct3D:
    Version:  Direct3D 11.0 [level 11.1]
    Renderer: NVIDIA GeForce GTX 1050 with Max-Q Design (ID=0x1c8d)
    Vendor:   
    VRAM:     1979 MB
    Driver:   27.21.14.6259
Initialize mono
Mono path[0] = 'C:/Program Files/Unity 2020.3.24f1/Editor/Data/Managed'
Mono path[1] = 'C:/Program Files/Unity 2020.3.24f1/Editor/Data/MonoBleedingEdge/lib/mono/unityjit'
Mono config path = 'C:/Program Files/Unity 2020.3.24f1/Editor/Data/MonoBleedingEdge/etc'
Using monoOptions --debugger-agent=transport=dt_socket,embedding=1,server=y,suspend=n,address=127.0.0.1:56280
Begin MonoManager ReloadAssembly
Registering precompiled unity dll's ...
Register platform support module: C:/Program Files/Unity 2020.3.24f1/Editor/Data/PlaybackEngines/WindowsStandaloneSupport/UnityEditor.WindowsStandalone.Extensions.dll
Registered in 0.005014 seconds.
Native extension for WindowsStandalone target not found
Refreshing native plugins compatible for Editor in 122.54 ms, found 3 plugins.
Preloading 0 native plugins for Editor in 0.00 ms.
Mono: successfully reloaded assembly
- Completed reload, in  1.535 seconds
Domain Reload Profiling:
	ReloadAssembly (1536ms)
		BeginReloadAssembly (138ms)
			ExecutionOrderSort (0ms)
			DisableScriptedObjects (0ms)
			BackupInstance (0ms)
			ReleaseScriptingObjects (0ms)
			CreateAndSetChildDomain (2ms)
		EndReloadAssembly (1187ms)
			LoadAssemblies (133ms)
			RebuildTransferFunctionScriptingTraits (0ms)
			SetupTypeCache (381ms)
			ReleaseScriptCaches (0ms)
			RebuildScriptCaches (74ms)
			SetupLoadedEditorAssemblies (498ms)
				LogAssemblyErrors (0ms)
				InitializePlatformSupportModulesInManaged (10ms)
				SetLoadedEditorAssemblies (0ms)
				RefreshPlugins (123ms)
				BeforeProcessingInitializeOnLoad (20ms)
				ProcessInitializeOnLoadAttributes (256ms)
				ProcessInitializeOnLoadMethodAttributes (88ms)
				AfterProcessingInitializeOnLoad (0ms)
				EditorAssembliesLoaded (1ms)
			ExecutionOrderSort2 (0ms)
			AwakeInstancesAfterBackupRestoration (0ms)
Platform modules already initialized, skipping
Registering precompiled user dll's ...
Registered in 0.013024 seconds.
Begin MonoManager ReloadAssembly
Native extension for WindowsStandalone target not found
Refreshing native plugins compatible for Editor in 141.91 ms, found 3 plugins.
Preloading 0 native plugins for Editor in 0.00 ms.
Mono: successfully reloaded assembly
- Completed reload, in  2.990 seconds
Domain Reload Profiling:
	ReloadAssembly (2992ms)
		BeginReloadAssembly (350ms)
			ExecutionOrderSort (0ms)
			DisableScriptedObjects (13ms)
			BackupInstance (0ms)
			ReleaseScriptingObjects (0ms)
			CreateAndSetChildDomain (35ms)
		EndReloadAssembly (2493ms)
			LoadAssemblies (205ms)
			RebuildTransferFunctionScriptingTraits (0ms)
			SetupTypeCache (802ms)
			ReleaseScriptCaches (1ms)
			RebuildScriptCaches (128ms)
			SetupLoadedEditorAssemblies (1004ms)
				LogAssemblyErrors (0ms)
				InitializePlatformSupportModulesInManaged (10ms)
				SetLoadedEditorAssemblies (1ms)
				RefreshPlugins (142ms)
				BeforeProcessingInitializeOnLoad (217ms)
				ProcessInitializeOnLoadAttributes (574ms)
				ProcessInitializeOnLoadMethodAttributes (45ms)
				AfterProcessingInitializeOnLoad (15ms)
				EditorAssembliesLoaded (0ms)
			ExecutionOrderSort2 (0ms)
			AwakeInstancesAfterBackupRestoration (15ms)
Platform modules already initialized, skipping
========================================================================
Worker process is ready to serve import requests
Launched and connected shader compiler UnityShaderCompiler.exe after 0.16 seconds
Refreshing native plugins compatible for Editor in 1.20 ms, found 3 plugins.
Preloading 0 native plugins for Editor in 0.00 ms.
Unloading 2249 Unused Serialized files (Serialized files now loaded: 0)
System memory in use before: 99.0 MB.
System memory in use after: 99.1 MB.

Unloading 28 unused Assets to reduce memory usage. Loaded Objects now: 2682.
Total: 8.438400 ms (FindLiveObjects: 0.467000 ms CreateObjectMapping: 0.239100 ms MarkObjects: 7.559400 ms  DeleteObjects: 0.170400 ms)

AssetImportParameters requested are different than current active one (requested -> active):
  custom:framework-win-MediaFoundation: 216162199b28c13a410421893ffa2e32 -> 
  custom:video-decoder-ogg-theora: a1e56fd34408186e4bbccfd4996cb3dc -> 
  custom:container-muxer-webm: aa71ff27fc2769a1b78a27578f13a17b -> 
  custom:container-demuxer-webm: 4f35f7cbe854078d1ac9338744f61a02 -> 
  custom:container-demuxer-ogg: 62fdf1f143b41e24485cea50d1cbac27 -> 
  custom:video-encoder-webm-vp8: eb34c28f22e8b96e1ab97ce403110664 -> 
  custom:video-decoder-webm-vp8: 9c59270c3fd7afecdb556c50c9e8de78 -> 
  custom:audio-decoder-ogg-vorbis: bf7c407c2cedff20999df2af8eb42d56 -> 
  custom:audio-encoder-webm-vorbis: bf7c407c2cedff20999df2af8eb42d56 -> 
========================================================================
Received Import Request.
  path: Assets/audio/snd_bossintro.ogg
  artifactKey: Guid(b2f60e9c7815d424ba491a04365c7e3c) Importer(815301076,1909f56bfc062723c751e8b465ee728b)
Start importing Assets/audio/snd_bossintro.ogg using Guid(b2f60e9c7815d424ba491a04365c7e3c) Importer(815301076,1909f56bfc062723c751e8b465ee728b)  -> (artifact id: '741d7d82e244365fbfe62fa5a12ea9f5') in 0.218492 seconds 
  Import took 0.226612 seconds .

========================================================================
Received Import Request.
  Time since last request: 0.000495 seconds.
  path: Assets/audio/snd_boss_fire.ogg
  artifactKey: Guid(ada3a6c4ce417c84fa3bc00907bd7f77) Importer(815301076,1909f56bfc062723c751e8b465ee728b)
Start importing Assets/audio/snd_boss_fire.ogg using Guid(ada3a6c4ce417c84fa3bc00907bd7f77) Importer(815301076,1909f56bfc062723c751e8b465ee728b)  -> (artifact id: '4c3fa0db9813f87273052252253b71d6') in 0.037007 seconds 
  Import took 0.045999 seconds .

========================================================================
Received Import Request.
  Time since last request: 0.000428 seconds.
  path: Assets/audio/snd_snap.ogg
  artifactKey: Guid(7fb2fd031f6de83499080cef0004ae28) Importer(815301076,1909f56bfc062723c751e8b465ee728b)
Start importing Assets/audio/snd_snap.ogg using Guid(7fb2fd031f6de83499080cef0004ae28) Importer(815301076,1909f56bfc062723c751e8b465ee728b)  -> (artifact id: 'da1fa1bf874252c3630e6bc3ea4f6582') in 0.024602 seconds 
  Import took 0.031961 seconds .

========================================================================
Received Import Request.
  Time since last request: 0.000401 seconds.
  path: Assets/audio/snd_explosion_solid.ogg
  artifactKey: Guid(1125ec72450a82440bdbed8f01240153) Importer(815301076,1909f56bfc062723c751e8b465ee728b)
Start importing Assets/audio/snd_explosion_solid.ogg using Guid(1125ec72450a82440bdbed8f01240153) Importer(815301076,1909f56bfc062723c751e8b465ee728b)  -> (artifact id: '469ecf352dcfbe633db81a6129065dc2') in 0.025127 seconds 
  Import took 0.032870 seconds .

========================================================================
Received Import Request.
  Time since last request: 0.000474 seconds.
  path: Assets/audio/snd_end_drums.ogg
  artifactKey: Guid(77faa93b4ef7d67458c4fcb63182c71b) Importer(815301076,1909f56bfc062723c751e8b465ee728b)
Start importing Assets/audio/snd_end_drums.ogg using Guid(77faa93b4ef7d67458c4fcb63182c71b) Importer(815301076,1909f56bfc062723c751e8b465ee728b)  -> (artifact id: 'feac5e7980ac153ad2f72fc17a11df88') in 0.029769 seconds 
  Import took 0.036498 seconds .

========================================================================
Received Import Request.
  Time since last request: 0.000408 seconds.
  path: Assets/audio/snd_hurt.ogg
  artifactKey: Guid(801e0f6326ad3a0418f9ea841520df1f) Importer(815301076,1909f56bfc062723c751e8b465ee728b)
Start importing Assets/audio/snd_hurt.ogg using Guid(801e0f6326ad3a0418f9ea841520df1f) Importer(815301076,1909f56bfc062723c751e8b465ee728b)  -> (artifact id: '3d196994953de042331a6064eeed38d9') in 0.036073 seconds 
  Import took 0.042683 seconds .

========================================================================
Received Import Request.
  Time since last request: 0.000447 seconds.
  path: Assets/audio/snd_boss_laser.ogg
  artifactKey: Guid(50a4d4aaa08d5ad4f8db26e42fe7a30c) Importer(815301076,1909f56bfc062723c751e8b465ee728b)
Start importing Assets/audio/snd_boss_laser.ogg using Guid(50a4d4aaa08d5ad4f8db26e42fe7a30c) Importer(815301076,1909f56bfc062723c751e8b465ee728b)  -> (artifact id: 'f4977857ef094d8b3d59ee4c80259618') in 0.023428 seconds 
  Import took 0.030995 seconds .

========================================================================
Received Import Request.
  Time since last request: 0.000407 seconds.
  path: Assets/audio/snd_click.ogg
  artifactKey: Guid(1324e9509ff57e74db63f1416e3d778f) Importer(815301076,1909f56bfc062723c751e8b465ee728b)
Start importing Assets/audio/snd_click.ogg using Guid(1324e9509ff57e74db63f1416e3d778f) Importer(815301076,1909f56bfc062723c751e8b465ee728b)  -> (artifact id: 'c6fa3c7e91a7132780d816c50455d21a') in 0.024787 seconds 
  Import took 0.032021 seconds .

========================================================================
Received Import Request.
  Time since last request: 0.000398 seconds.
  path: Assets/audio/snd_danger.ogg
  artifactKey: Guid(c2bad44a832f0304d9ded5e2160f9711) Importer(815301076,1909f56bfc062723c751e8b465ee728b)
Start importing Assets/audio/snd_danger.ogg using Guid(c2bad44a832f0304d9ded5e2160f9711) Importer(815301076,1909f56bfc062723c751e8b465ee728b)  -> (artifact id: '6a7850f85e6af092b0b116c13588b32e') in 0.025452 seconds 
  Import took 0.032355 seconds .

========================================================================
Received Import Request.
  Time since last request: 0.000438 seconds.
  path: Assets/audio/snd_rifle_shot.ogg
  artifactKey: Guid(18d8d96fe16d51842a7f5ea9e068272f) Importer(815301076,1909f56bfc062723c751e8b465ee728b)
Start importing Assets/audio/snd_rifle_shot.ogg using Guid(18d8d96fe16d51842a7f5ea9e068272f) Importer(815301076,1909f56bfc062723c751e8b465ee728b)  -> (artifact id: '867ad11666ff0e754f22a252230f3230') in 0.026888 seconds 
  Import took 0.033869 seconds .

========================================================================
Received Import Request.
  Time since last request: 0.000395 seconds.
  path: Assets/audio/snd_step2.ogg
  artifactKey: Guid(6efd82ef74954e849b653949409c9c53) Importer(815301076,1909f56bfc062723c751e8b465ee728b)
Start importing Assets/audio/snd_step2.ogg using Guid(6efd82ef74954e849b653949409c9c53) Importer(815301076,1909f56bfc062723c751e8b465ee728b)  -> (artifact id: '335243d1b5698d0953e99159f6e15140') in 0.030836 seconds 
  Import took 0.037677 seconds .

========================================================================
Received Import Request.
  Time since last request: 0.000415 seconds.
  path: Assets/audio/snd_jump_hump.ogg
  artifactKey: Guid(9a155004c8082324fa5882eb7cccab8d) Importer(815301076,1909f56bfc062723c751e8b465ee728b)
Start importing Assets/audio/snd_jump_hump.ogg using Guid(9a155004c8082324fa5882eb7cccab8d) Importer(815301076,1909f56bfc062723c751e8b465ee728b)  -> (artifact id: '3f932347943d58a5d897eb8a497622ed') in 0.025697 seconds 
  Import took 0.032126 seconds .

========================================================================
Received Import Request.
  Time since last request: 0.000440 seconds.
  path: Assets/audio/snd_blowup.ogg
  artifactKey: Guid(77e86b93403fdfc4c8970c5788a7be41) Importer(815301076,1909f56bfc062723c751e8b465ee728b)
Start importing Assets/audio/snd_blowup.ogg using Guid(77e86b93403fdfc4c8970c5788a7be41) Importer(815301076,1909f56bfc062723c751e8b465ee728b)  -> (artifact id: 'f67ed1cdb176bdd1fed93520e75d80ca') in 0.026014 seconds 
  Import took 0.032538 seconds .

========================================================================
Received Import Request.
  Time since last request: 0.000412 seconds.
  path: Assets/audio/snd_explosion_ground.ogg
  artifactKey: Guid(befb3593f1afbb04aa2f6adcf13a9a87) Importer(815301076,1909f56bfc062723c751e8b465ee728b)
Start importing Assets/audio/snd_explosion_ground.ogg using Guid(befb3593f1afbb04aa2f6adcf13a9a87) Importer(815301076,1909f56bfc062723c751e8b465ee728b)  -> (artifact id: 'bfce96c651b3edc700bda68d786aebde') in 0.026391 seconds 
  Import took 0.034303 seconds .

========================================================================
Received Import Request.
  Time since last request: 0.000475 seconds.
  path: Assets/audio/snd_small_rifle.ogg
  artifactKey: Guid(8ad18593dc5503f43a28ba5580ea7868) Importer(815301076,1909f56bfc062723c751e8b465ee728b)
Start importing Assets/audio/snd_small_rifle.ogg using Guid(8ad18593dc5503f43a28ba5580ea7868) Importer(815301076,1909f56bfc062723c751e8b465ee728b)  -> (artifact id: '00b917b40cb38148c1f16a2d6436e18a') in 0.024771 seconds 
  Import took 0.032295 seconds .

========================================================================
Received Import Request.
  Time since last request: 0.000403 seconds.
  path: Assets/audio/snd_reload_clip.ogg
  artifactKey: Guid(a1c15a6e3b954cc40b2049b6b53320d3) Importer(815301076,1909f56bfc062723c751e8b465ee728b)
Start importing Assets/audio/snd_reload_clip.ogg using Guid(a1c15a6e3b954cc40b2049b6b53320d3) Importer(815301076,1909f56bfc062723c751e8b465ee728b)  -> (artifact id: 'ad0d9c10921a469733a59485f0da4c50') in 0.031609 seconds 
  Import took 0.038424 seconds .

========================================================================
Received Import Request.
  Time since last request: 0.000460 seconds.
  path: Assets/audio/snd_landfppt.ogg
  artifactKey: Guid(f1c1f65fa05d7ca4ea62e4a50a8a7e90) Importer(815301076,1909f56bfc062723c751e8b465ee728b)
Start importing Assets/audio/snd_landfppt.ogg using Guid(f1c1f65fa05d7ca4ea62e4a50a8a7e90) Importer(815301076,1909f56bfc062723c751e8b465ee728b)  -> (artifact id: 'fae2b4d52020676a9e67709a429965ed') in 0.026532 seconds 
  Import took 0.033676 seconds .

========================================================================
Received Import Request.
  Time since last request: 0.000399 seconds.
  path: Assets/audio/snd_jump.ogg
  artifactKey: Guid(403ed13de02e9504782be9522fdd797f) Importer(815301076,1909f56bfc062723c751e8b465ee728b)
Start importing Assets/audio/snd_jump.ogg using Guid(403ed13de02e9504782be9522fdd797f) Importer(815301076,1909f56bfc062723c751e8b465ee728b)  -> (artifact id: '634256d73fbaa4e0ed5c88eadb18a205') in 0.025931 seconds 
  Import took 0.033583 seconds .

========================================================================
Received Import Request.
  Time since last request: 0.000423 seconds.
  path: Assets/audio/snd_explosion_air.ogg
  artifactKey: Guid(b74a31414ecd2e94ca0820b55b6d90ef) Importer(815301076,1909f56bfc062723c751e8b465ee728b)
Start importing Assets/audio/snd_explosion_air.ogg using Guid(b74a31414ecd2e94ca0820b55b6d90ef) Importer(815301076,1909f56bfc062723c751e8b465ee728b)  -> (artifact id: '297e80fcb15d41a18cb4a06d66a4471f') in 0.025126 seconds 
  Import took 0.032393 seconds .

========================================================================
Received Import Request.
  Time since last request: 0.000389 seconds.
  path: Assets/audio/snd_explosion_earth.ogg
  artifactKey: Guid(e1712fed01968f94f9d64078746d1b87) Importer(815301076,1909f56bfc062723c751e8b465ee728b)
Start importing Assets/audio/snd_explosion_earth.ogg using Guid(e1712fed01968f94f9d64078746d1b87) Importer(815301076,1909f56bfc062723c751e8b465ee728b)  -> (artifact id: '79c5c2b7a90b10f1efb3d297dac9f518') in 0.026243 seconds 
  Import took 0.034692 seconds .

========================================================================
Received Import Request.
  Time since last request: 0.000452 seconds.
  path: Assets/audio/snd_landing.ogg
  artifactKey: Guid(d0ce9be001332a2438e82aa77eba643a) Importer(815301076,1909f56bfc062723c751e8b465ee728b)
Start importing Assets/audio/snd_landing.ogg using Guid(d0ce9be001332a2438e82aa77eba643a) Importer(815301076,1909f56bfc062723c751e8b465ee728b)  -> (artifact id: 'e892c7e28ca2a146753cca0bf39c1233') in 0.031989 seconds 
  Import took 0.039520 seconds .

========================================================================
Received Import Request.
  Time since last request: 0.000427 seconds.
  path: Assets/audio/snd_main_theme.ogg
  artifactKey: Guid(7c84d14be51112c4b8b3696def3db626) Importer(815301076,1909f56bfc062723c751e8b465ee728b)
Start importing Assets/audio/snd_main_theme.ogg using Guid(7c84d14be51112c4b8b3696def3db626) Importer(815301076,1909f56bfc062723c751e8b465ee728b)  -> (artifact id: '1e14d1f9d6f20eed35864717513db639') in 0.025219 seconds 
  Import took 0.032439 seconds .

========================================================================
Received Import Request.
  Time since last request: 0.000434 seconds.
  path: Assets/audio/snd_missil.ogg
  artifactKey: Guid(2c48ee8eec7164d4991a55db76290f00) Importer(815301076,1909f56bfc062723c751e8b465ee728b)
Start importing Assets/audio/snd_missil.ogg using Guid(2c48ee8eec7164d4991a55db76290f00) Importer(815301076,1909f56bfc062723c751e8b465ee728b)  -> (artifact id: '7c5acab7cbc24e76edef5cbe7c5f9ed5') in 0.024415 seconds 
  Import took 0.031212 seconds .

========================================================================
Received Import Request.
  Time since last request: 0.000525 seconds.
  path: Assets/audio/snd_boss_music.ogg
  artifactKey: Guid(2839772caa3e9114eb915b5fe86e32e3) Importer(815301076,1909f56bfc062723c751e8b465ee728b)
Start importing Assets/audio/snd_boss_music.ogg using Guid(2839772caa3e9114eb915b5fe86e32e3) Importer(815301076,1909f56bfc062723c751e8b465ee728b)  -> (artifact id: 'd036becef81898a29f868f0c8ea17c27') in 0.025501 seconds 
  Import took 0.033101 seconds .

========================================================================
Received Import Request.
  Time since last request: 0.000409 seconds.
  path: Assets/audio/snd_select.ogg
  artifactKey: Guid(6130e0e92fce0cd42a0b5675d81d9e6b) Importer(815301076,1909f56bfc062723c751e8b465ee728b)
Start importing Assets/audio/snd_select.ogg using Guid(6130e0e92fce0cd42a0b5675d81d9e6b) Importer(815301076,1909f56bfc062723c751e8b465ee728b)  -> (artifact id: '8a149b276b1ce62d797d6cef838f74ad') in 0.025321 seconds 
  Import took 0.033955 seconds .

========================================================================
Received Import Request.
  Time since last request: 0.000397 seconds.
  path: Assets/audio/snd_step1.ogg
  artifactKey: Guid(d923350e0336fd54f97755b59094e264) Importer(815301076,1909f56bfc062723c751e8b465ee728b)
Start importing Assets/audio/snd_step1.ogg using Guid(d923350e0336fd54f97755b59094e264) Importer(815301076,1909f56bfc062723c751e8b465ee728b)  -> (artifact id: 'dd3d0481142e394db48cd8e8d6a2e2a6') in 0.024496 seconds 
  Import took 0.032182 seconds .

========================================================================
Received Import Request.
  Time since last request: 0.000436 seconds.
  path: Assets/audio/snd_bomb.ogg
  artifactKey: Guid(dcb24879b5cf9c14e808bc960a822a6c) Importer(815301076,1909f56bfc062723c751e8b465ee728b)
Start importing Assets/audio/snd_bomb.ogg using Guid(dcb24879b5cf9c14e808bc960a822a6c) Importer(815301076,1909f56bfc062723c751e8b465ee728b)  -> (artifact id: 'c2302b1d99d4439452b46dfad23a0bff') in 0.025284 seconds 
  Import took 0.033083 seconds .

========================================================================
Received Import Request.
  Time since last request: 348.972784 seconds.
  path: Assets/Palette/Palette.prefab
  artifactKey: Guid(aec9a4cde5243394fa943b85e0c589cc) Importer(815301076,1909f56bfc062723c751e8b465ee728b)
Start importing Assets/Palette/Palette.prefab using Guid(aec9a4cde5243394fa943b85e0c589cc) Importer(815301076,1909f56bfc062723c751e8b465ee728b)  -> (artifact id: '280500fa30ca8925833c24fdf37ad5e9') in 0.351571 seconds 
  Import took 0.369921 seconds .

========================================================================
Received Import Request.
  Time since last request: 0.000786 seconds.
  path: Assets/Palette/tiles_spritesheet_15.asset
  artifactKey: Guid(32206a546a8f9a74e82ae5fdfe6ef149) Importer(815301076,1909f56bfc062723c751e8b465ee728b)
Start importing Assets/Palette/tiles_spritesheet_15.asset using Guid(32206a546a8f9a74e82ae5fdfe6ef149) Importer(815301076,1909f56bfc062723c751e8b465ee728b)  -> (artifact id: 'a985d80bc7725a0dea104b342fe3c4ff') in 0.075387 seconds 
  Import took 0.088248 seconds .

========================================================================
Received Import Request.
  Time since last request: 0.000670 seconds.
  path: Assets/Palette/tiles_spritesheet_40.asset
  artifactKey: Guid(103534587d6cba14c96e03d7d2e50ab1) Importer(815301076,1909f56bfc062723c751e8b465ee728b)
Start importing Assets/Palette/tiles_spritesheet_40.asset using Guid(103534587d6cba14c96e03d7d2e50ab1) Importer(815301076,1909f56bfc062723c751e8b465ee728b)  -> (artifact id: 'b2a869682c7a8438da70c4ab3a5f7311') in 0.029381 seconds 
  Import took 0.038910 seconds .

========================================================================
Received Import Request.
  Time since last request: 0.000522 seconds.
  path: Assets/Palette/tiles_spritesheet_14.asset
  artifactKey: Guid(e904e22864d7ebd4b878f49687fe42d9) Importer(815301076,1909f56bfc062723c751e8b465ee728b)
Start importing Assets/Palette/tiles_spritesheet_14.asset using Guid(e904e22864d7ebd4b878f49687fe42d9) Importer(815301076,1909f56bfc062723c751e8b465ee728b)  -> (artifact id: '57161e0b150776065635be28344f506a') in 0.028131 seconds 
  Import took 0.037101 seconds .

========================================================================
Received Import Request.
  Time since last request: 0.000507 seconds.
  path: Assets/Palette/tiles_spritesheet_37.asset
  artifactKey: Guid(09246f25c8e6c6245b47543a2b6147f4) Importer(815301076,1909f56bfc062723c751e8b465ee728b)
Start importing Assets/Palette/tiles_spritesheet_37.asset using Guid(09246f25c8e6c6245b47543a2b6147f4) Importer(815301076,1909f56bfc062723c751e8b465ee728b)  -> (artifact id: 'd0612f455086c6f6fc838fde6526a66b') in 0.028687 seconds 
  Import took 0.037601 seconds .

========================================================================
Received Import Request.
  Time since last request: 0.000456 seconds.
  path: Assets/Palette/tiles_spritesheet_35.asset
  artifactKey: Guid(024197407ea853c4c9720da13fd7f009) Importer(815301076,1909f56bfc062723c751e8b465ee728b)
Start importing Assets/Palette/tiles_spritesheet_35.asset using Guid(024197407ea853c4c9720da13fd7f009) Importer(815301076,1909f56bfc062723c751e8b465ee728b)  -> (artifact id: '124046de502ff461b0f96d83b42635d6') in 0.028923 seconds 
  Import took 0.039024 seconds .

========================================================================
Received Import Request.
  Time since last request: 0.000538 seconds.
  path: Assets/Palette/tiles_spritesheet_5.asset
  artifactKey: Guid(7db9c06d2e4f5284bb278dc42a91848c) Importer(815301076,1909f56bfc062723c751e8b465ee728b)
Start importing Assets/Palette/tiles_spritesheet_5.asset using Guid(7db9c06d2e4f5284bb278dc42a91848c) Importer(815301076,1909f56bfc062723c751e8b465ee728b)  -> (artifact id: '740ffb0661468bf208cd3b38faf0d233') in 0.027900 seconds 
  Import took 0.038155 seconds .

========================================================================
Received Import Request.
  Time since last request: 0.000506 seconds.
  path: Assets/Palette/tiles_spritesheet_3.asset
  artifactKey: Guid(200fa19692b495348938a37b0963763b) Importer(815301076,1909f56bfc062723c751e8b465ee728b)
Start importing Assets/Palette/tiles_spritesheet_3.asset using Guid(200fa19692b495348938a37b0963763b) Importer(815301076,1909f56bfc062723c751e8b465ee728b)  -> (artifact id: '51551c136c4d1b026c201f589fea7d21') in 0.024888 seconds 
  Import took 0.033926 seconds .

========================================================================
Received Import Request.
  Time since last request: 0.000470 seconds.
  path: Assets/Palette/tiles_spritesheet_6.asset
  artifactKey: Guid(362d78055707cae40adb2e331b93c136) Importer(815301076,1909f56bfc062723c751e8b465ee728b)
Start importing Assets/Palette/tiles_spritesheet_6.asset using Guid(362d78055707cae40adb2e331b93c136) Importer(815301076,1909f56bfc062723c751e8b465ee728b)  -> (artifact id: 'b13bdd857b123f8d8b5dfc556b6583a1') in 0.027961 seconds 
  Import took 0.037034 seconds .

========================================================================
Received Import Request.
  Time since last request: 0.000569 seconds.
  path: Assets/Palette/tiles_spritesheet_27.asset
  artifactKey: Guid(9e2389c5d19a73c408eea27adecafb33) Importer(815301076,1909f56bfc062723c751e8b465ee728b)
Start importing Assets/Palette/tiles_spritesheet_27.asset using Guid(9e2389c5d19a73c408eea27adecafb33) Importer(815301076,1909f56bfc062723c751e8b465ee728b)  -> (artifact id: '53144578abf1096f7bd9a1240b787f4e') in 0.026670 seconds 
  Import took 0.036678 seconds .

========================================================================
Received Import Request.
  Time since last request: 0.000477 seconds.
  path: Assets/Palette/tiles_spritesheet_29.asset
  artifactKey: Guid(2aa1bdef2270300488289fcd048d5741) Importer(815301076,1909f56bfc062723c751e8b465ee728b)
Start importing Assets/Palette/tiles_spritesheet_29.asset using Guid(2aa1bdef2270300488289fcd048d5741) Importer(815301076,1909f56bfc062723c751e8b465ee728b)  -> (artifact id: '27ceade09cc02a958138a49fb3aacd82') in 0.025633 seconds 
  Import took 0.034257 seconds .

========================================================================
Received Import Request.
  Time since last request: 0.000539 seconds.
  path: Assets/Palette/tiles_spritesheet_41.asset
  artifactKey: Guid(cce777efc87fe4c4d830586b1b973ff4) Importer(815301076,1909f56bfc062723c751e8b465ee728b)
Start importing Assets/Palette/tiles_spritesheet_41.asset using Guid(cce777efc87fe4c4d830586b1b973ff4) Importer(815301076,1909f56bfc062723c751e8b465ee728b)  -> (artifact id: '3776b56df4a89b72ccb9067378791df5') in 0.029632 seconds 
  Import took 0.038411 seconds .

========================================================================
Received Import Request.
  Time since last request: 0.000505 seconds.
  path: Assets/Palette/tiles_spritesheet_10.asset
  artifactKey: Guid(1dfec33a75973dc498a1bf6daa88ed8a) Importer(815301076,1909f56bfc062723c751e8b465ee728b)
Start importing Assets/Palette/tiles_spritesheet_10.asset using Guid(1dfec33a75973dc498a1bf6daa88ed8a) Importer(815301076,1909f56bfc062723c751e8b465ee728b)  -> (artifact id: '78ce4161330e995628575909e3544411') in 0.038112 seconds 
  Import took 0.051275 seconds .

========================================================================
Received Import Request.
  Time since last request: 0.000794 seconds.
  path: Assets/Palette/tiles_spritesheet_24.asset
  artifactKey: Guid(0ed74eeaafc902d47b334f0659d49b35) Importer(815301076,1909f56bfc062723c751e8b465ee728b)
Start importing Assets/Palette/tiles_spritesheet_24.asset using Guid(0ed74eeaafc902d47b334f0659d49b35) Importer(815301076,1909f56bfc062723c751e8b465ee728b)  -> (artifact id: '757dbebd0bcb15da37507535e2acc739') in 0.046175 seconds 
  Import took 0.062504 seconds .

========================================================================
Received Import Request.
  Time since last request: 0.000761 seconds.
  path: Assets/Palette/tiles_spritesheet_8.asset
  artifactKey: Guid(ef8d4e2db5d42aa408feaf1f963c9c2e) Importer(815301076,1909f56bfc062723c751e8b465ee728b)
Start importing Assets/Palette/tiles_spritesheet_8.asset using Guid(ef8d4e2db5d42aa408feaf1f963c9c2e) Importer(815301076,1909f56bfc062723c751e8b465ee728b)  -> (artifact id: '6b82168d99a944ad3b112a2c403bc400') in 0.041622 seconds 
  Import took 0.056820 seconds .

========================================================================
Received Import Request.
  Time since last request: 0.000722 seconds.
  path: Assets/Scenes/main_title_bg.png
  artifactKey: Guid(4ceaab2e026dcbb4fb5c016947a37c9e) Importer(815301076,1909f56bfc062723c751e8b465ee728b)
Start importing Assets/Scenes/main_title_bg.png using Guid(4ceaab2e026dcbb4fb5c016947a37c9e) Importer(815301076,1909f56bfc062723c751e8b465ee728b)  -> (artifact id: 'f2cb4364010525a12eb0c33da841e8d8') in 0.158182 seconds 
  Import took 0.174714 seconds .

========================================================================
Received Import Request.
  Time since last request: 0.001108 seconds.
  path: Assets/Palette/tiles_spritesheet_0.asset
  artifactKey: Guid(bcd5d8dc3a8e0e54da733ce93be1ca60) Importer(815301076,1909f56bfc062723c751e8b465ee728b)
Start importing Assets/Palette/tiles_spritesheet_0.asset using Guid(bcd5d8dc3a8e0e54da733ce93be1ca60) Importer(815301076,1909f56bfc062723c751e8b465ee728b)  -> (artifact id: 'e6baed5b3809f623512289ea85b1e3d2') in 0.048578 seconds 
  Import took 0.062833 seconds .

========================================================================
Received Import Request.
  Time since last request: 0.000743 seconds.
  path: Assets/Palette/tiles_spritesheet_30.asset
  artifactKey: Guid(161fa18fb9df92045ada32df9cc2e074) Importer(815301076,1909f56bfc062723c751e8b465ee728b)
Start importing Assets/Palette/tiles_spritesheet_30.asset using Guid(161fa18fb9df92045ada32df9cc2e074) Importer(815301076,1909f56bfc062723c751e8b465ee728b)  -> (artifact id: '9006350d4f634f3157d8ffa1d7d472f1') in 0.042220 seconds 
  Import took 0.057159 seconds .

========================================================================
Received Import Request.
  Time since last request: 0.000793 seconds.
  path: Assets/Palette/tiles_spritesheet_43.asset
  artifactKey: Guid(0dcad8faf9ca0b8428b69baddb7a9f0c) Importer(815301076,1909f56bfc062723c751e8b465ee728b)
Start importing Assets/Palette/tiles_spritesheet_43.asset using Guid(0dcad8faf9ca0b8428b69baddb7a9f0c) Importer(815301076,1909f56bfc062723c751e8b465ee728b)  -> (artifact id: '1d0e89786f41ea1958979aadf8016f72') in 0.040213 seconds 
  Import took 0.054529 seconds .

========================================================================
Received Import Request.
  Time since last request: 0.000693 seconds.
  path: Assets/Palette/tiles_spritesheet_44.asset
  artifactKey: Guid(9e76844d95982f549a451e28a067a9e5) Importer(815301076,1909f56bfc062723c751e8b465ee728b)
Start importing Assets/Palette/tiles_spritesheet_44.asset using Guid(9e76844d95982f549a451e28a067a9e5) Importer(815301076,1909f56bfc062723c751e8b465ee728b)  -> (artifact id: '6e43db0aeedaff07533b4d3a44208e27') in 0.042683 seconds 
  Import took 0.056913 seconds .

========================================================================
Received Import Request.
  Time since last request: 0.000744 seconds.
  path: Assets/Palette/tiles_spritesheet_16.asset
  artifactKey: Guid(3a1874a3ed11fb147a36782427273c27) Importer(815301076,1909f56bfc062723c751e8b465ee728b)
Start importing Assets/Palette/tiles_spritesheet_16.asset using Guid(3a1874a3ed11fb147a36782427273c27) Importer(815301076,1909f56bfc062723c751e8b465ee728b)  -> (artifact id: 'de2a53d79d2cd07d7aa9c4d4a0e6ce2e') in 0.042192 seconds 
  Import took 0.056935 seconds .

========================================================================
Received Import Request.
  Time since last request: 0.000763 seconds.
  path: Assets/Palette/tiles_spritesheet_32.asset
  artifactKey: Guid(1189aa7b620e2c74b822c120ad031fcc) Importer(815301076,1909f56bfc062723c751e8b465ee728b)
Start importing Assets/Palette/tiles_spritesheet_32.asset using Guid(1189aa7b620e2c74b822c120ad031fcc) Importer(815301076,1909f56bfc062723c751e8b465ee728b)  -> (artifact id: '9910c09241597fa9c68145a3f4c4a35d') in 0.043353 seconds 
  Import took 0.058254 seconds .

========================================================================
Received Import Request.
  Time since last request: 0.000864 seconds.
  path: Assets/Palette/tiles_spritesheet_38.asset
  artifactKey: Guid(0895282b60ffc164faa10f80f201abc3) Importer(815301076,1909f56bfc062723c751e8b465ee728b)
Start importing Assets/Palette/tiles_spritesheet_38.asset using Guid(0895282b60ffc164faa10f80f201abc3) Importer(815301076,1909f56bfc062723c751e8b465ee728b)  -> (artifact id: 'a126da65f6704aa85ca3b6f9b28443e5') in 0.042218 seconds 
  Import took 0.056813 seconds .

========================================================================
Received Import Request.
  Time since last request: 0.001003 seconds.
  path: Assets/Palette/tiles_spritesheet_11.asset
  artifactKey: Guid(2eee4e193ced5c047a52b7b71b784fb1) Importer(815301076,1909f56bfc062723c751e8b465ee728b)
Start importing Assets/Palette/tiles_spritesheet_11.asset using Guid(2eee4e193ced5c047a52b7b71b784fb1) Importer(815301076,1909f56bfc062723c751e8b465ee728b)  -> (artifact id: 'f5825849081708c336f277811b3d4b63') in 0.045919 seconds 
  Import took 0.062392 seconds .

========================================================================
Received Import Request.
  Time since last request: 0.000760 seconds.
  path: Assets/Palette/tiles_spritesheet_19.asset
  artifactKey: Guid(75dba9cdd3d43ae4bab50a6d8b81b433) Importer(815301076,1909f56bfc062723c751e8b465ee728b)
Start importing Assets/Palette/tiles_spritesheet_19.asset using Guid(75dba9cdd3d43ae4bab50a6d8b81b433) Importer(815301076,1909f56bfc062723c751e8b465ee728b)  -> (artifact id: 'a95b74d58afbc6dd6b1c5ed96eabd544') in 0.043414 seconds 
  Import took 0.057843 seconds .

========================================================================
Received Import Request.
  Time since last request: 0.000746 seconds.
  path: Assets/Palette/tiles_spritesheet_28.asset
  artifactKey: Guid(8bf7aa521d6c0974bb8fb9dc146b0af7) Importer(815301076,1909f56bfc062723c751e8b465ee728b)
Start importing Assets/Palette/tiles_spritesheet_28.asset using Guid(8bf7aa521d6c0974bb8fb9dc146b0af7) Importer(815301076,1909f56bfc062723c751e8b465ee728b)  -> (artifact id: '0f7f2c68047563b77232e9d761db150e') in 0.041914 seconds 
  Import took 0.057388 seconds .

========================================================================
Received Import Request.
  Time since last request: 0.000791 seconds.
  path: Assets/Palette/tiles_spritesheet_4.asset
  artifactKey: Guid(7f96a050e95d2024c99f613a852396ec) Importer(815301076,1909f56bfc062723c751e8b465ee728b)
Start importing Assets/Palette/tiles_spritesheet_4.asset using Guid(7f96a050e95d2024c99f613a852396ec) Importer(815301076,1909f56bfc062723c751e8b465ee728b)  -> (artifact id: '42d925d5fce27cb2cb5bd283c4df936a') in 0.042967 seconds 
  Import took 0.056862 seconds .

========================================================================
Received Import Request.
  Time since last request: 0.000770 seconds.
  path: Assets/Palette/tiles_spritesheet_34.asset
  artifactKey: Guid(b285a116e890b164a988c38cb9181c9c) Importer(815301076,1909f56bfc062723c751e8b465ee728b)
Start importing Assets/Palette/tiles_spritesheet_34.asset using Guid(b285a116e890b164a988c38cb9181c9c) Importer(815301076,1909f56bfc062723c751e8b465ee728b)  -> (artifact id: 'e9b95f66563fb79abb631cf7875094fa') in 0.041306 seconds 
  Import took 0.056973 seconds .

========================================================================
Received Import Request.
  Time since last request: 0.000773 seconds.
  path: Assets/Palette/tiles_spritesheet_7.asset
  artifactKey: Guid(a1f33fa5bcd59d44ab673f62ae9585a1) Importer(815301076,1909f56bfc062723c751e8b465ee728b)
Start importing Assets/Palette/tiles_spritesheet_7.asset using Guid(a1f33fa5bcd59d44ab673f62ae9585a1) Importer(815301076,1909f56bfc062723c751e8b465ee728b)  -> (artifact id: '74af8fce163be442bced279ca1b7ac78') in 0.048259 seconds 
  Import took 0.064189 seconds .

========================================================================
Received Import Request.
  Time since last request: 0.000785 seconds.
  path: Assets/Palette/tiles_spritesheet_13.asset
  artifactKey: Guid(6677b655d72571c498d84cc500035cf3) Importer(815301076,1909f56bfc062723c751e8b465ee728b)
Start importing Assets/Palette/tiles_spritesheet_13.asset using Guid(6677b655d72571c498d84cc500035cf3) Importer(815301076,1909f56bfc062723c751e8b465ee728b)  -> (artifact id: 'cab55e857f3f7848c34ae4621f0a2346') in 0.044045 seconds 
  Import took 0.058919 seconds .

========================================================================
Received Import Request.
  Time since last request: 0.000775 seconds.
  path: Assets/Palette/tiles_spritesheet_9.asset
  artifactKey: Guid(55ff28b819558d84792435cd5e6162b2) Importer(815301076,1909f56bfc062723c751e8b465ee728b)
Start importing Assets/Palette/tiles_spritesheet_9.asset using Guid(55ff28b819558d84792435cd5e6162b2) Importer(815301076,1909f56bfc062723c751e8b465ee728b)  -> (artifact id: '8d987dbff143452ba940c34da8dd21a6') in 0.041667 seconds 
  Import took 0.058317 seconds .

========================================================================
Received Import Request.
  Time since last request: 0.000737 seconds.
  path: Assets/Palette/tiles_spritesheet_1.asset
  artifactKey: Guid(0306fb87560e7c44e8e4ecbafe7c3552) Importer(815301076,1909f56bfc062723c751e8b465ee728b)
Start importing Assets/Palette/tiles_spritesheet_1.asset using Guid(0306fb87560e7c44e8e4ecbafe7c3552) Importer(815301076,1909f56bfc062723c751e8b465ee728b)  -> (artifact id: '159aacd2c128581ddc642aba888304d0') in 0.042569 seconds 
  Import took 0.056412 seconds .

========================================================================
Received Import Request.
  Time since last request: 0.000745 seconds.
  path: Assets/Palette/tiles_spritesheet_42.asset
  artifactKey: Guid(3e92fd78b770a4b4e99bbd279fbfd98a) Importer(815301076,1909f56bfc062723c751e8b465ee728b)
Start importing Assets/Palette/tiles_spritesheet_42.asset using Guid(3e92fd78b770a4b4e99bbd279fbfd98a) Importer(815301076,1909f56bfc062723c751e8b465ee728b)  -> (artifact id: '214a10f7de35806c03124b6da4c688bd') in 0.043362 seconds 
  Import took 0.058821 seconds .

========================================================================
Received Import Request.
  Time since last request: 0.000735 seconds.
  path: Assets/Palette/tiles_spritesheet_21.asset
  artifactKey: Guid(d6061033edcbc2942a381b11e3ca959a) Importer(815301076,1909f56bfc062723c751e8b465ee728b)
Start importing Assets/Palette/tiles_spritesheet_21.asset using Guid(d6061033edcbc2942a381b11e3ca959a) Importer(815301076,1909f56bfc062723c751e8b465ee728b)  -> (artifact id: '78217cc3b72d71d7b33cfcae35453dfc') in 0.043173 seconds 
  Import took 0.057018 seconds .

========================================================================
Received Import Request.
  Time since last request: 0.000821 seconds.
  path: Assets/Palette/tiles_spritesheet_2.asset
  artifactKey: Guid(60328f0ec7e786a44b5b691a76a5366d) Importer(815301076,1909f56bfc062723c751e8b465ee728b)
Start importing Assets/Palette/tiles_spritesheet_2.asset using Guid(60328f0ec7e786a44b5b691a76a5366d) Importer(815301076,1909f56bfc062723c751e8b465ee728b)  -> (artifact id: 'e603cc0586cf234b6efcbdde0934e99e') in 0.047263 seconds 
  Import took 0.061408 seconds .

========================================================================
Received Import Request.
  Time since last request: 0.000782 seconds.
  path: Assets/Palette/tiles_spritesheet_31.asset
  artifactKey: Guid(ec1565760e8139645abc44cdf6685479) Importer(815301076,1909f56bfc062723c751e8b465ee728b)
Start importing Assets/Palette/tiles_spritesheet_31.asset using Guid(ec1565760e8139645abc44cdf6685479) Importer(815301076,1909f56bfc062723c751e8b465ee728b)  -> (artifact id: '580ecec12dba79f2bd80b2f7f4a1a076') in 0.039113 seconds 
  Import took 0.055222 seconds .

========================================================================
Received Import Request.
  Time since last request: 0.000839 seconds.
  path: Assets/Palette/tiles_spritesheet_20.asset
  artifactKey: Guid(4babb83294283114bbc8a68542c13ebd) Importer(815301076,1909f56bfc062723c751e8b465ee728b)
Start importing Assets/Palette/tiles_spritesheet_20.asset using Guid(4babb83294283114bbc8a68542c13ebd) Importer(815301076,1909f56bfc062723c751e8b465ee728b)  -> (artifact id: '3a41be4d33b34923dc4b3f86e9d91f94') in 0.043197 seconds 
  Import took 0.059734 seconds .

========================================================================
Received Import Request.
  Time since last request: 0.000834 seconds.
  path: Assets/Palette/tiles_spritesheet_18.asset
  artifactKey: Guid(29c03d8d99523dc4c89eeb09bb9163d2) Importer(815301076,1909f56bfc062723c751e8b465ee728b)
Start importing Assets/Palette/tiles_spritesheet_18.asset using Guid(29c03d8d99523dc4c89eeb09bb9163d2) Importer(815301076,1909f56bfc062723c751e8b465ee728b)  -> (artifact id: '7b5006f58620929d23d29573c9056653') in 0.051587 seconds 
  Import took 0.067695 seconds .

========================================================================
Received Import Request.
  Time since last request: 0.000917 seconds.
  path: Assets/Palette/tiles_spritesheet_26.asset
  artifactKey: Guid(859097637d5589944ab3aff1f28f012c) Importer(815301076,1909f56bfc062723c751e8b465ee728b)
Start importing Assets/Palette/tiles_spritesheet_26.asset using Guid(859097637d5589944ab3aff1f28f012c) Importer(815301076,1909f56bfc062723c751e8b465ee728b)  -> (artifact id: '5f7dbfb5643c46899d24a04429a92a53') in 0.041825 seconds 
  Import took 0.057845 seconds .

========================================================================
Received Import Request.
  Time since last request: 0.000755 seconds.
  path: Assets/Palette/tiles_spritesheet_23.asset
  artifactKey: Guid(5d089e171904d574999f7e7a7ae4acf7) Importer(815301076,1909f56bfc062723c751e8b465ee728b)
Start importing Assets/Palette/tiles_spritesheet_23.asset using Guid(5d089e171904d574999f7e7a7ae4acf7) Importer(815301076,1909f56bfc062723c751e8b465ee728b)  -> (artifact id: '4c9ddb7ef19a626eb6383ac3b9cf5ecc') in 0.043276 seconds 
  Import took 0.057542 seconds .

========================================================================
Received Import Request.
  Time since last request: 0.000865 seconds.
  path: Assets/Scenes/GameOverScreen-still.png
  artifactKey: Guid(090322b62e8355442a25354ff26b7eef) Importer(815301076,1909f56bfc062723c751e8b465ee728b)
Start importing Assets/Scenes/GameOverScreen-still.png using Guid(090322b62e8355442a25354ff26b7eef) Importer(815301076,1909f56bfc062723c751e8b465ee728b)  -> (artifact id: '4fcae0d0ebd06abed89e27dc349e6124') in 0.057216 seconds 
  Import took 0.071861 seconds .

========================================================================
Received Import Request.
  Time since last request: 0.000670 seconds.
  path: Assets/Palette/tiles_spritesheet_33.asset
  artifactKey: Guid(b3ba9c12dc4073441a04d5644cee0bed) Importer(815301076,1909f56bfc062723c751e8b465ee728b)
Start importing Assets/Palette/tiles_spritesheet_33.asset using Guid(b3ba9c12dc4073441a04d5644cee0bed) Importer(815301076,1909f56bfc062723c751e8b465ee728b)  -> (artifact id: '814e89b67604b05f5646c12489e6d666') in 0.043543 seconds 
  Import took 0.058252 seconds .

========================================================================
Received Import Request.
  Time since last request: 0.000814 seconds.
  path: Assets/Palette/tiles_spritesheet_39.asset
  artifactKey: Guid(579a5b9a364e92b47936fc3799f76e04) Importer(815301076,1909f56bfc062723c751e8b465ee728b)
Start importing Assets/Palette/tiles_spritesheet_39.asset using Guid(579a5b9a364e92b47936fc3799f76e04) Importer(815301076,1909f56bfc062723c751e8b465ee728b)  -> (artifact id: '1a56102f24d25ae86eb3024cbe756225') in 0.042919 seconds 
  Import took 0.057186 seconds .

========================================================================
Received Import Request.
  Time since last request: 0.000744 seconds.
  path: Assets/Palette/tiles_spritesheet_25.asset
  artifactKey: Guid(9a3da41b272cc074c8da444a5630160f) Importer(815301076,1909f56bfc062723c751e8b465ee728b)
Start importing Assets/Palette/tiles_spritesheet_25.asset using Guid(9a3da41b272cc074c8da444a5630160f) Importer(815301076,1909f56bfc062723c751e8b465ee728b)  -> (artifact id: '5f08de9da37917390fdef451be53453c') in 0.042775 seconds 
  Import took 0.057765 seconds .

========================================================================
Received Import Request.
  Time since last request: 0.000898 seconds.
  path: Assets/Palette/tiles_spritesheet_17.asset
  artifactKey: Guid(e4781586e0a3aee4c844816e871a4a92) Importer(815301076,1909f56bfc062723c751e8b465ee728b)
Start importing Assets/Palette/tiles_spritesheet_17.asset using Guid(e4781586e0a3aee4c844816e871a4a92) Importer(815301076,1909f56bfc062723c751e8b465ee728b)  -> (artifact id: '9c4b7838821e9e8c7c3e4531c3940be3') in 0.039983 seconds 
  Import took 0.055594 seconds .

========================================================================
Received Import Request.
  Time since last request: 0.000944 seconds.
  path: Assets/Palette/tiles_spritesheet_36.asset
  artifactKey: Guid(2dc1517b4759c11459b09a6ac3374fb2) Importer(815301076,1909f56bfc062723c751e8b465ee728b)
Start importing Assets/Palette/tiles_spritesheet_36.asset using Guid(2dc1517b4759c11459b09a6ac3374fb2) Importer(815301076,1909f56bfc062723c751e8b465ee728b)  -> (artifact id: '0dc3930b1691e72982c50d2a5485158f') in 0.044653 seconds 
  Import took 0.061266 seconds .

========================================================================
Received Import Request.
  Time since last request: 0.000706 seconds.
  path: Assets/Palette/tiles_spritesheet_22.asset
  artifactKey: Guid(2b1f08bdd2e3e01448d9e8bbd897f245) Importer(815301076,1909f56bfc062723c751e8b465ee728b)
Start importing Assets/Palette/tiles_spritesheet_22.asset using Guid(2b1f08bdd2e3e01448d9e8bbd897f245) Importer(815301076,1909f56bfc062723c751e8b465ee728b)  -> (artifact id: 'b621280e30c25dc4c19ccccd6fb8b883') in 0.043079 seconds 
  Import took 0.056765 seconds .

========================================================================
Received Import Request.
  Time since last request: 1.049298 seconds.
  path: Assets/Scenes/JuegoFallido.unity
  artifactKey: Guid(25f8467ea923c2c49b79890e71952e10) Importer(815301076,1909f56bfc062723c751e8b465ee728b)
Start importing Assets/Scenes/JuegoFallido.unity using Guid(25f8467ea923c2c49b79890e71952e10) Importer(815301076,1909f56bfc062723c751e8b465ee728b)  -> (artifact id: 'c107daac746b4816049e3116284905c8') in 0.026385 seconds 
  Import took 0.041957 seconds .

========================================================================
Received Import Request.
  Time since last request: 6.902216 seconds.
  path: Assets/Scenes/Juego.unity
  artifactKey: Guid(1e5d46250e56c8c4981b7a4e52818f3c) Importer(815301076,1909f56bfc062723c751e8b465ee728b)
Start importing Assets/Scenes/Juego.unity using Guid(1e5d46250e56c8c4981b7a4e52818f3c) Importer(815301076,1909f56bfc062723c751e8b465ee728b)  -> (artifact id: '10a7949834b67e698565def5205ed1ba') in 0.024097 seconds 
  Import took 0.038218 seconds .

========================================================================
Received Import Request.
  Time since last request: 155.134573 seconds.
  path: Assets/Scenes/Menu.unity
  artifactKey: Guid(ead943dab7bbb924889eb33e9e41db86) Importer(815301076,1909f56bfc062723c751e8b465ee728b)
Start importing Assets/Scenes/Menu.unity using Guid(ead943dab7bbb924889eb33e9e41db86) Importer(815301076,1909f56bfc062723c751e8b465ee728b)  -> (artifact id: '60675512a484349b6ab60e1605775012') in 0.012016 seconds 
  Import took 0.020790 seconds .

========================================================================
Received Import Request.
  Time since last request: 31.721954 seconds.
  path: Assets/Scenes/JuegoFallido.unity
  artifactKey: Guid(25f8467ea923c2c49b79890e71952e10) Importer(815301076,1909f56bfc062723c751e8b465ee728b)
Start importing Assets/Scenes/JuegoFallido.unity using Guid(25f8467ea923c2c49b79890e71952e10) Importer(815301076,1909f56bfc062723c751e8b465ee728b)  -> (artifact id: '71d5f2f26b7a8e0e8d0d5a12fd6cf246') in 0.008777 seconds 
  Import took 0.022596 seconds .

========================================================================
Received Prepare
Registering precompiled user dll's ...
Registered in 0.005947 seconds.
Begin MonoManager ReloadAssembly
Native extension for WindowsStandalone target not found
Refreshing native plugins compatible for Editor in 1.19 ms, found 3 plugins.
Preloading 0 native plugins for Editor in 0.00 ms.
Mono: successfully reloaded assembly
- Completed reload, in  3.079 seconds
Domain Reload Profiling:
	ReloadAssembly (3080ms)
		BeginReloadAssembly (378ms)
			ExecutionOrderSort (0ms)
			DisableScriptedObjects (23ms)
			BackupInstance (0ms)
			ReleaseScriptingObjects (0ms)
			CreateAndSetChildDomain (122ms)
		EndReloadAssembly (2471ms)
			LoadAssemblies (315ms)
			RebuildTransferFunctionScriptingTraits (0ms)
			SetupTypeCache (1066ms)
			ReleaseScriptCaches (2ms)
			RebuildScriptCaches (104ms)
			SetupLoadedEditorAssemblies (750ms)
				LogAssemblyErrors (0ms)
				InitializePlatformSupportModulesInManaged (15ms)
				SetLoadedEditorAssemblies (2ms)
				RefreshPlugins (1ms)
				BeforeProcessingInitializeOnLoad (196ms)
				ProcessInitializeOnLoadAttributes (492ms)
				ProcessInitializeOnLoadMethodAttributes (29ms)
				AfterProcessingInitializeOnLoad (16ms)
				EditorAssembliesLoaded (0ms)
			ExecutionOrderSort2 (0ms)
			AwakeInstancesAfterBackupRestoration (23ms)
Platform modules already initialized, skipping
Refreshing native plugins compatible for Editor in 0.98 ms, found 3 plugins.
Preloading 0 native plugins for Editor in 0.00 ms.
Unloading 2225 Unused Serialized files (Serialized files now loaded: 0)
System memory in use before: 100.4 MB.
System memory in use after: 100.5 MB.

Unloading 17 unused Assets to reduce memory usage. Loaded Objects now: 2699.
Total: 6.562700 ms (FindLiveObjects: 0.474900 ms CreateObjectMapping: 0.189900 ms MarkObjects: 5.860300 ms  DeleteObjects: 0.034800 ms)

AssetImportParameters requested are different than current active one (requested -> active):
  custom:framework-win-MediaFoundation: 216162199b28c13a410421893ffa2e32 -> 
  custom:video-decoder-ogg-theora: a1e56fd34408186e4bbccfd4996cb3dc -> 
  custom:container-muxer-webm: aa71ff27fc2769a1b78a27578f13a17b -> 
  custom:container-demuxer-webm: 4f35f7cbe854078d1ac9338744f61a02 -> 
  custom:container-demuxer-ogg: 62fdf1f143b41e24485cea50d1cbac27 -> 
  custom:video-encoder-webm-vp8: eb34c28f22e8b96e1ab97ce403110664 -> 
  custom:video-decoder-webm-vp8: 9c59270c3fd7afecdb556c50c9e8de78 -> 
  custom:audio-decoder-ogg-vorbis: bf7c407c2cedff20999df2af8eb42d56 -> 
  custom:audio-encoder-webm-vorbis: bf7c407c2cedff20999df2af8eb42d56 -> 
========================================================================
Received Prepare
Registering precompiled user dll's ...
Registered in 0.005887 seconds.
Begin MonoManager ReloadAssembly
Native extension for WindowsStandalone target not found
Refreshing native plugins compatible for Editor in 1.74 ms, found 3 plugins.
Preloading 0 native plugins for Editor in 0.00 ms.
Mono: successfully reloaded assembly
- Completed reload, in  3.073 seconds
Domain Reload Profiling:
	ReloadAssembly (3074ms)
		BeginReloadAssembly (377ms)
			ExecutionOrderSort (0ms)
			DisableScriptedObjects (16ms)
			BackupInstance (0ms)
			ReleaseScriptingObjects (0ms)
			CreateAndSetChildDomain (121ms)
		EndReloadAssembly (2414ms)
			LoadAssemblies (386ms)
			RebuildTransferFunctionScriptingTraits (0ms)
			SetupTypeCache (895ms)
			ReleaseScriptCaches (2ms)
			RebuildScriptCaches (136ms)
			SetupLoadedEditorAssemblies (763ms)
				LogAssemblyErrors (0ms)
				InitializePlatformSupportModulesInManaged (12ms)
				SetLoadedEditorAssemblies (1ms)
				RefreshPlugins (2ms)
				BeforeProcessingInitializeOnLoad (168ms)
				ProcessInitializeOnLoadAttributes (518ms)
				ProcessInitializeOnLoadMethodAttributes (40ms)
				AfterProcessingInitializeOnLoad (21ms)
				EditorAssembliesLoaded (0ms)
			ExecutionOrderSort2 (0ms)
			AwakeInstancesAfterBackupRestoration (31ms)
Platform modules already initialized, skipping
Refreshing native plugins compatible for Editor in 1.09 ms, found 3 plugins.
Preloading 0 native plugins for Editor in 0.00 ms.
Unloading 2225 Unused Serialized files (Serialized files now loaded: 0)
System memory in use before: 100.5 MB.
System memory in use after: 100.6 MB.

Unloading 17 unused Assets to reduce memory usage. Loaded Objects now: 2701.
Total: 6.807100 ms (FindLiveObjects: 0.419000 ms CreateObjectMapping: 0.190100 ms MarkObjects: 6.156900 ms  DeleteObjects: 0.038200 ms)

AssetImportParameters requested are different than current active one (requested -> active):
  custom:framework-win-MediaFoundation: 216162199b28c13a410421893ffa2e32 -> 
  custom:video-decoder-ogg-theora: a1e56fd34408186e4bbccfd4996cb3dc -> 
  custom:container-muxer-webm: aa71ff27fc2769a1b78a27578f13a17b -> 
  custom:container-demuxer-webm: 4f35f7cbe854078d1ac9338744f61a02 -> 
  custom:container-demuxer-ogg: 62fdf1f143b41e24485cea50d1cbac27 -> 
  custom:video-encoder-webm-vp8: eb34c28f22e8b96e1ab97ce403110664 -> 
  custom:video-decoder-webm-vp8: 9c59270c3fd7afecdb556c50c9e8de78 -> 
  custom:audio-decoder-ogg-vorbis: bf7c407c2cedff20999df2af8eb42d56 -> 
  custom:audio-encoder-webm-vorbis: bf7c407c2cedff20999df2af8eb42d56 -> 
========================================================================
Received Import Request.
  Time since last request: 687.562291 seconds.
  path: Assets/Scenes/Nivel2.unity
  artifactKey: Guid(2eca902ebfe7006428540def7b8f597a) Importer(815301076,1909f56bfc062723c751e8b465ee728b)
Start importing Assets/Scenes/Nivel2.unity using Guid(2eca902ebfe7006428540def7b8f597a) Importer(815301076,1909f56bfc062723c751e8b465ee728b)  -> (artifact id: '5863a9d77221253875ab154ba381c5d8') in 0.042019 seconds 
  Import took 0.049555 seconds .

========================================================================
Received Import Request.
  Time since last request: 196.828915 seconds.
  path: Assets/Scenes/JuegoCompletado.unity
  artifactKey: Guid(d789dcd9a13d0b8498f3c1ac2fd0665f) Importer(815301076,1909f56bfc062723c751e8b465ee728b)
Start importing Assets/Scenes/JuegoCompletado.unity using Guid(d789dcd9a13d0b8498f3c1ac2fd0665f) Importer(815301076,1909f56bfc062723c751e8b465ee728b)  -> (artifact id: '8e1670db6d4c543ae7f272cf9cb48d26') in 0.032779 seconds 
  Import took 0.050174 seconds .

========================================================================
Received Prepare
Registering precompiled user dll's ...
Registered in 0.006247 seconds.
Begin MonoManager ReloadAssembly
Native extension for WindowsStandalone target not found
Refreshing native plugins compatible for Editor in 1.26 ms, found 3 plugins.
Preloading 0 native plugins for Editor in 0.00 ms.
Mono: successfully reloaded assembly
- Completed reload, in  2.771 seconds
Domain Reload Profiling:
	ReloadAssembly (2773ms)
		BeginReloadAssembly (312ms)
			ExecutionOrderSort (0ms)
			DisableScriptedObjects (21ms)
			BackupInstance (0ms)
			ReleaseScriptingObjects (0ms)
			CreateAndSetChildDomain (93ms)
		EndReloadAssembly (2245ms)
			LoadAssemblies (272ms)
			RebuildTransferFunctionScriptingTraits (0ms)
			SetupTypeCache (774ms)
			ReleaseScriptCaches (2ms)
			RebuildScriptCaches (118ms)
			SetupLoadedEditorAssemblies (800ms)
				LogAssemblyErrors (0ms)
				InitializePlatformSupportModulesInManaged (15ms)
				SetLoadedEditorAssemblies (2ms)
				RefreshPlugins (1ms)
				BeforeProcessingInitializeOnLoad (198ms)
				ProcessInitializeOnLoadAttributes (540ms)
				ProcessInitializeOnLoadMethodAttributes (27ms)
				AfterProcessingInitializeOnLoad (16ms)
				EditorAssembliesLoaded (0ms)
			ExecutionOrderSort2 (0ms)
			AwakeInstancesAfterBackupRestoration (22ms)
Platform modules already initialized, skipping
Refreshing native plugins compatible for Editor in 1.22 ms, found 3 plugins.
Preloading 0 native plugins for Editor in 0.00 ms.
Unloading 2225 Unused Serialized files (Serialized files now loaded: 0)
System memory in use before: 100.5 MB.
System memory in use after: 100.6 MB.

Unloading 17 unused Assets to reduce memory usage. Loaded Objects now: 2703.
Total: 7.852400 ms (FindLiveObjects: 0.471000 ms CreateObjectMapping: 0.241800 ms MarkObjects: 7.090500 ms  DeleteObjects: 0.045800 ms)

AssetImportParameters requested are different than current active one (requested -> active):
  custom:framework-win-MediaFoundation: 216162199b28c13a410421893ffa2e32 -> 
  custom:video-decoder-ogg-theora: a1e56fd34408186e4bbccfd4996cb3dc -> 
  custom:container-muxer-webm: aa71ff27fc2769a1b78a27578f13a17b -> 
  custom:container-demuxer-webm: 4f35f7cbe854078d1ac9338744f61a02 -> 
  custom:container-demuxer-ogg: 62fdf1f143b41e24485cea50d1cbac27 -> 
  custom:video-encoder-webm-vp8: eb34c28f22e8b96e1ab97ce403110664 -> 
  custom:video-decoder-webm-vp8: 9c59270c3fd7afecdb556c50c9e8de78 -> 
  custom:audio-decoder-ogg-vorbis: bf7c407c2cedff20999df2af8eb42d56 -> 
  custom:audio-encoder-webm-vorbis: bf7c407c2cedff20999df2af8eb42d56 -> 
========================================================================
Received Import Request.
  Time since last request: 59.388781 seconds.
  path: Assets/Scenes/Menu.unity
  artifactKey: Guid(ead943dab7bbb924889eb33e9e41db86) Importer(815301076,1909f56bfc062723c751e8b465ee728b)
Start importing Assets/Scenes/Menu.unity using Guid(ead943dab7bbb924889eb33e9e41db86) Importer(815301076,1909f56bfc062723c751e8b465ee728b)  -> (artifact id: '1c0ab7b2df2a882bbc3084180dbf6cca') in 0.058831 seconds 
  Import took 0.074889 seconds .

========================================================================
Received Prepare
Registering precompiled user dll's ...
Registered in 0.009864 seconds.
Begin MonoManager ReloadAssembly
Native extension for WindowsStandalone target not found
Refreshing native plugins compatible for Editor in 0.72 ms, found 3 plugins.
Preloading 0 native plugins for Editor in 0.00 ms.
Mono: successfully reloaded assembly
- Completed reload, in  1.534 seconds
Domain Reload Profiling:
	ReloadAssembly (1535ms)
		BeginReloadAssembly (174ms)
			ExecutionOrderSort (0ms)
			DisableScriptedObjects (9ms)
			BackupInstance (0ms)
			ReleaseScriptingObjects (0ms)
			CreateAndSetChildDomain (54ms)
		EndReloadAssembly (1264ms)
			LoadAssemblies (134ms)
			RebuildTransferFunctionScriptingTraits (0ms)
			SetupTypeCache (483ms)
			ReleaseScriptCaches (1ms)
			RebuildScriptCaches (62ms)
			SetupLoadedEditorAssemblies (431ms)
				LogAssemblyErrors (0ms)
				InitializePlatformSupportModulesInManaged (6ms)
				SetLoadedEditorAssemblies (1ms)
				RefreshPlugins (1ms)
				BeforeProcessingInitializeOnLoad (96ms)
				ProcessInitializeOnLoadAttributes (300ms)
				ProcessInitializeOnLoadMethodAttributes (18ms)
				AfterProcessingInitializeOnLoad (8ms)
				EditorAssembliesLoaded (0ms)
			ExecutionOrderSort2 (0ms)
			AwakeInstancesAfterBackupRestoration (13ms)
Platform modules already initialized, skipping
Refreshing native plugins compatible for Editor in 0.77 ms, found 3 plugins.
Preloading 0 native plugins for Editor in 0.00 ms.
Unloading 2225 Unused Serialized files (Serialized files now loaded: 0)
System memory in use before: 100.5 MB.
System memory in use after: 100.6 MB.

Unloading 17 unused Assets to reduce memory usage. Loaded Objects now: 2705.
Total: 4.221900 ms (FindLiveObjects: 0.299600 ms CreateObjectMapping: 0.113200 ms MarkObjects: 3.782000 ms  DeleteObjects: 0.025600 ms)

AssetImportParameters requested are different than current active one (requested -> active):
  custom:framework-win-MediaFoundation: 216162199b28c13a410421893ffa2e32 -> 
  custom:video-decoder-ogg-theora: a1e56fd34408186e4bbccfd4996cb3dc -> 
  custom:container-muxer-webm: aa71ff27fc2769a1b78a27578f13a17b -> 
  custom:container-demuxer-webm: 4f35f7cbe854078d1ac9338744f61a02 -> 
  custom:container-demuxer-ogg: 62fdf1f143b41e24485cea50d1cbac27 -> 
  custom:video-encoder-webm-vp8: eb34c28f22e8b96e1ab97ce403110664 -> 
  custom:video-decoder-webm-vp8: 9c59270c3fd7afecdb556c50c9e8de78 -> 
  custom:audio-decoder-ogg-vorbis: bf7c407c2cedff20999df2af8eb42d56 -> 
  custom:audio-encoder-webm-vorbis: bf7c407c2cedff20999df2af8eb42d56 -> 
========================================================================
Received Prepare
Registering precompiled user dll's ...
Registered in 0.008112 seconds.
Begin MonoManager ReloadAssembly
Native extension for WindowsStandalone target not found
Refreshing native plugins compatible for Editor in 0.98 ms, found 3 plugins.
Preloading 0 native plugins for Editor in 0.00 ms.
Mono: successfully reloaded assembly
- Completed reload, in  2.673 seconds
Domain Reload Profiling:
	ReloadAssembly (2674ms)
		BeginReloadAssembly (258ms)
			ExecutionOrderSort (0ms)
			DisableScriptedObjects (15ms)
			BackupInstance (0ms)
			ReleaseScriptingObjects (0ms)
			CreateAndSetChildDomain (73ms)
		EndReloadAssembly (2257ms)
			LoadAssemblies (245ms)
			RebuildTransferFunctionScriptingTraits (0ms)
			SetupTypeCache (737ms)
			ReleaseScriptCaches (2ms)
			RebuildScriptCaches (119ms)
			SetupLoadedEditorAssemblies (915ms)
				LogAssemblyErrors (0ms)
				InitializePlatformSupportModulesInManaged (11ms)
				SetLoadedEditorAssemblies (2ms)
				RefreshPlugins (1ms)
				BeforeProcessingInitializeOnLoad (169ms)
				ProcessInitializeOnLoadAttributes (690ms)
				ProcessInitializeOnLoadMethodAttributes (27ms)
				AfterProcessingInitializeOnLoad (16ms)
				EditorAssembliesLoaded (0ms)
			ExecutionOrderSort2 (0ms)
			AwakeInstancesAfterBackupRestoration (21ms)
Platform modules already initialized, skipping
Refreshing native plugins compatible for Editor in 1.00 ms, found 3 plugins.
Preloading 0 native plugins for Editor in 0.00 ms.
Unloading 2225 Unused Serialized files (Serialized files now loaded: 0)
System memory in use before: 100.4 MB.
System memory in use after: 100.6 MB.

Unloading 17 unused Assets to reduce memory usage. Loaded Objects now: 2707.
Total: 9.323600 ms (FindLiveObjects: 0.531300 ms CreateObjectMapping: 0.270300 ms MarkObjects: 8.450200 ms  DeleteObjects: 0.068000 ms)

AssetImportParameters requested are different than current active one (requested -> active):
  custom:framework-win-MediaFoundation: 216162199b28c13a410421893ffa2e32 -> 
  custom:video-decoder-ogg-theora: a1e56fd34408186e4bbccfd4996cb3dc -> 
  custom:container-muxer-webm: aa71ff27fc2769a1b78a27578f13a17b -> 
  custom:container-demuxer-webm: 4f35f7cbe854078d1ac9338744f61a02 -> 
  custom:container-demuxer-ogg: 62fdf1f143b41e24485cea50d1cbac27 -> 
  custom:video-encoder-webm-vp8: eb34c28f22e8b96e1ab97ce403110664 -> 
  custom:video-decoder-webm-vp8: 9c59270c3fd7afecdb556c50c9e8de78 -> 
  custom:audio-decoder-ogg-vorbis: bf7c407c2cedff20999df2af8eb42d56 -> 
  custom:audio-encoder-webm-vorbis: bf7c407c2cedff20999df2af8eb42d56 -> 
AssetImportWorkerClient::OnTransportError - code=2 error=End of file
